<?xml version="1.0" encoding="UTF-8"?>
<!-- Generated by org.testng.reporters.JUnitReportReporter -->
<testsuite hostname="LIN-5CD5329NX3" failures="0" tests="1" name="Oct_15.NewTest" time="0.015" errors="0" timestamp="2025-10-15T15:31:24 IST" skipped="0">
  <testcase classname="Oct_15.NewTest" name="display" time="0.015"/>
</testsuite> <!-- Oct_15.NewTest -->
