<?xml version="1.0" encoding="UTF-8"?>
<!-- Generated by org.testng.reporters.JUnitReportReporter -->
<testsuite hostname="LIN-5CD5329NX3" failures="0" tests="3" name="Oct_15.MulitpleTC" time="0.014" errors="0" timestamp="2025-10-15T16:48:03 IST" skipped="0">
  <testcase classname="Oct_15.MulitpleTC" name="login" time="0.012"/>
  <testcase classname="Oct_15.MulitpleTC" name="search" time="0.001"/>
  <testcase classname="Oct_15.MulitpleTC" name="logout" time="0.001"/>
</testsuite> <!-- Oct_15.MulitpleTC -->
