<?xml version="1.0" encoding="UTF-8"?>
<!-- Generated by org.testng.reporters.JUnitReportReporter -->
<testsuite hostname="LIN-5CD5329NX3" failures="0" tests="2" name="TestCase.Grid1" time="9.263" errors="0" timestamp="2025-10-23T15:45:37 IST" skipped="0">
  <testcase classname="TestCase.Grid1" name="Launch" time="4.712"/>
  <testcase classname="TestCase.Grid1" name="Launch" time="4.551"/>
</testsuite> <!-- TestCase.Grid1 -->
