<?xml version="1.0" encoding="UTF-8"?>
<!-- Generated by org.testng.reporters.JUnitReportReporter -->
<testsuite hostname="LIN-5CD5329NX3" failures="0" tests="2" name="Oct_17.Login" time="1.309" errors="0" timestamp="2025-10-17T10:15:58 IST" skipped="0">
  <testcase classname="Oct_17.Login" name="loginTC" time="1.257"/>
  <testcase classname="Oct_17.Login" name="verifySignOn" time="0.052"/>
</testsuite> <!-- Oct_17.Login -->
