<?xml version="1.0" encoding="UTF-8"?>
<!-- Generated by org.testng.reporters.JUnitReportReporter -->
<testsuite hostname="LIN-5CD5329NX3" failures="0" tests="4" name="Com.Gmail.Runner.TestRunner2" time="40.864" errors="0" timestamp="2025-10-29T16:38:07 IST" skipped="0">
  <testcase classname="Com.Gmail.Runner.TestRunner2" name="runScenario" time="8.730"/>
  <testcase classname="Com.Gmail.Runner.TestRunner2" name="runScenario" time="12.449"/>
  <testcase classname="Com.Gmail.Runner.TestRunner2" name="runScenario" time="13.158"/>
  <testcase classname="Com.Gmail.Runner.TestRunner2" name="runScenario" time="6.527"/>
</testsuite> <!-- Com.Gmail.Runner.TestRunner2 -->
