<?xml version="1.0" encoding="UTF-8"?>
<!-- Generated by org.testng.reporters.JUnitReportReporter -->
<testsuite hostname="LIN-5CD5329NX3" failures="0" tests="3" name="Oct_17.GroupsDemo" time="0.039" errors="0" timestamp="2025-10-17T10:42:39 IST" skipped="0">
  <testcase classname="Oct_17.GroupsDemo" name="F" time="0.013"/>
  <testcase classname="Oct_17.GroupsDemo" name="C" time="0.013"/>
  <testcase classname="Oct_17.GroupsDemo" name="D" time="0.013"/>
</testsuite> <!-- Oct_17.GroupsDemo -->
