<?xml version="1.0" encoding="UTF-8"?>
<!-- Generated by org.testng.reporters.JUnitReportReporter -->
<testsuite hostname="LIN-5CD5329NX3" failures="0" tests="3" name="TestScript.NewTest" time="0.013" errors="0" timestamp="2025-10-27T09:41:21 IST" skipped="0">
  <testcase classname="TestScript.NewTest" name="f" time="0.009"/>
  <testcase classname="TestScript.NewTest" name="f" time="0.002"/>
  <testcase classname="TestScript.NewTest" name="f" time="0.002"/>
</testsuite> <!-- TestScript.NewTest -->
