<?xml version="1.0" encoding="UTF-8"?>
<!-- Generated by org.testng.reporters.JUnitReportReporter -->
<testsuite hostname="LIN-5CD5329NX3" failures="0" tests="4" name="Com.Gmail.Runner.TestRunner2" time="36.964" errors="0" timestamp="2025-10-29T17:12:45 IST" skipped="0">
  <testcase classname="Com.Gmail.Runner.TestRunner2" name="runScenario" time="11.849"/>
  <testcase classname="Com.Gmail.Runner.TestRunner2" name="runScenario" time="7.139"/>
  <testcase classname="Com.Gmail.Runner.TestRunner2" name="runScenario" time="11.878"/>
  <testcase classname="Com.Gmail.Runner.TestRunner2" name="runScenario" time="6.098"/>
</testsuite> <!-- Com.Gmail.Runner.TestRunner2 -->
